warn: Microsoft.AspNetCore.DataProtection.Repositories.EphemeralXmlRepository[50]
      Using an in-memory repository. Keys will not be persisted to storage.
warn: Microsoft.AspNetCore.DataProtection.KeyManagement.XmlKeyManager[59]
      Neither user profile nor HKLM registry available. Using an ephemeral key repository. Protected data will be unavailable when application exits.
warn: Microsoft.AspNetCore.DataProtection.KeyManagement.XmlKeyManager[35]
      No XML encryptor configured. Key {b2464d69-3ca2-4774-925f-a0bb4e2ae54c} may be persisted to storage in unencrypted form.
info: Microsoft.Hosting.Lifetime[14]
      Now listening on: http://127.0.0.1:27990
info: Microsoft.Hosting.Lifetime[0]
      Application started. Press Ctrl+C to shut down.
info: Microsoft.Hosting.Lifetime[0]
      Hosting environment: Production
info: Microsoft.Hosting.Lifetime[0]
      Content root path: d:\web\localuser\abrechozeira\www\api
info: System.Net.Http.HttpClient.Superfrete.LogicalHandler[100]
      Start processing HTTP request GET https://api.superfrete.com/api/v0/me/orders?limit=100&per_page=100
info: System.Net.Http.HttpClient.Superfrete.ClientHandler[100]
      Sending HTTP request GET https://api.superfrete.com/api/v0/me/orders?limit=100&per_page=100
info: Microsoft.EntityFrameworkCore.Database.Command[20101]
      Executed DbCommand (14ms) [Parameters=[], CommandType='Text', CommandTimeout='30']
      SELECT `p`.`Id`, `p`.`DataAlteracao`, `p`.`DataCompra`, `p`.`GeneroID`, `p`.`GrupoID`, `p`.`PerfilID`, `p1`.`Descricao` AS `Perfil`, `p`.`MarcaId`, `p2`.`Descricao` AS `Marca`, `e`.`CodigoEstoque`, `p`.`Descricao`, `p`.`Tamanho`, `p`.`Origem`, `p`.`PrecoCusto`, `p`.`PrecoVenda`, `p`.`StatusId`
      FROM `Produto` AS `p`
      INNER JOIN `ProdutoStatus` AS `p0` ON `p`.`StatusId` = `p0`.`Id`
      LEFT JOIN `Estoque` AS `e` ON `p`.`Id` = `e`.`ProdutoId`
      LEFT JOIN `ProdutoPerfil` AS `p1` ON `p`.`PerfilID` = `p1`.`Id`
      LEFT JOIN `ProdutoMarca` AS `p2` ON `p`.`MarcaId` = `p2`.`Id`
info: System.Net.Http.HttpClient.Superfrete.ClientHandler[101]
      Received HTTP response headers after 2537.5571ms - 200
info: System.Net.Http.HttpClient.Superfrete.LogicalHandler[101]
      End processing HTTP request after 2546.0619ms - 200
info: System.Net.Http.HttpClient.Superfrete.LogicalHandler[100]
      Start processing HTTP request GET https://api.superfrete.com/api/v0/me/orders?limit=100&per_page=100
info: System.Net.Http.HttpClient.Superfrete.ClientHandler[100]
      Sending HTTP request GET https://api.superfrete.com/api/v0/me/orders?limit=100&per_page=100
info: System.Net.Http.HttpClient.Superfrete.ClientHandler[101]
      Received HTTP response headers after 696.6361ms - 200
info: System.Net.Http.HttpClient.Superfrete.LogicalHandler[101]
      End processing HTTP request after 697.7174ms - 200
info: Microsoft.EntityFrameworkCore.Database.Command[20101]
      Executed DbCommand (55ms) [Parameters=[@__ToLower_0='?' (Size = 50)], CommandType='Text', CommandTimeout='30']
      SELECT `p`.`Id`, `p`.`CPF`, `p`.`DataInclusao`, `p`.`DataNascimento`, `p`.`Email`, `p`.`NickName`, `p`.`Nome`, `p`.`Observacoes`, `p`.`PessoaCategoriaId`, `p`.`PessoaGeneroId`, `p`.`PessoaTipoId`, `p`.`RG`, `p`.`StatusId`, `p`.`Telefone`
      FROM `Pessoa` AS `p`
      WHERE `p`.`Nome` IS NOT NULL AND (LOWER(`p`.`Nome`) = @__ToLower_0)
      LIMIT 1
info: Microsoft.EntityFrameworkCore.Database.Command[20101]
      Executed DbCommand (2ms) [Parameters=[@__pessoa_Id_0='?' (DbType = Int32)], CommandType='Text', CommandTimeout='30']
      SELECT `e`.`Id`, `e`.`Bairro`, `e`.`CEP`, `e`.`CodigoLocalidadeIBGE`, `e`.`Complemento`, `e`.`DataAlteracao`, `e`.`Estado`, `e`.`Localidade`, `e`.`Logradouro`, `e`.`Observacoes`, `e`.`PessoaID`, `e`.`TipoEnderecoId`, `e`.`Unidade`
      FROM `Endereco` AS `e`
      WHERE `e`.`PessoaID` = @__pessoa_Id_0
      LIMIT 1
info: System.Net.Http.HttpClient.Superfrete.LogicalHandler[100]
      Start processing HTTP request POST https://api.superfrete.com/api/v0/calculator
info: System.Net.Http.HttpClient.Superfrete.ClientHandler[100]
      Sending HTTP request POST https://api.superfrete.com/api/v0/calculator
info: System.Net.Http.HttpClient.Superfrete.ClientHandler[101]
      Received HTTP response headers after 1077.8661ms - 200
info: System.Net.Http.HttpClient.Superfrete.LogicalHandler[101]
      End processing HTTP request after 1078.411ms - 200
info: Microsoft.Hosting.Lifetime[0]
      Application is shutting down...
