warn: Microsoft.AspNetCore.DataProtection.Repositories.EphemeralXmlRepository[50]
      Using an in-memory repository. Keys will not be persisted to storage.
warn: Microsoft.AspNetCore.DataProtection.KeyManagement.XmlKeyManager[59]
      Neither user profile nor HKLM registry available. Using an ephemeral key repository. Protected data will be unavailable when application exits.
warn: Microsoft.AspNetCore.DataProtection.KeyManagement.XmlKeyManager[35]
      No XML encryptor configured. Key {057ae49e-276f-451a-bd41-692a74062908} may be persisted to storage in unencrypted form.
info: Microsoft.Hosting.Lifetime[14]
      Now listening on: http://127.0.0.1:17494
info: Microsoft.Hosting.Lifetime[0]
      Application started. Press Ctrl+C to shut down.
info: Microsoft.Hosting.Lifetime[0]
      Hosting environment: Production
info: Microsoft.Hosting.Lifetime[0]
      Content root path: d:\web\localuser\abrechozeira\www\api
info: ABrechozeiraApp.Controllers.InfinitePayWebhookController[0]
      Recebido Webhook da InfinitePay: {"items":[{"price":2635,"quantity":1,"description":"Frete PAC","product_reference":null}],"amount":2635,"order_nsu":"91d57970595840e1bcb0cac70c2558d0","paid_amount":2635,"receipt_url":"https://recibo.infinitepay.io/27fe82d8-ea3e-4b50-8dcf-72af3d21adf8","installments":1,"invoice_slug":"5l1Fl1WAUj","capture_method":"pix","transaction_nsu":"27fe82d8-ea3e-4b50-8dcf-72af3d21adf8"}
info: ABrechozeiraApp.Controllers.InfinitePayWebhookController[0]
      Pagamento do frete confirmado! OrderNsu (TransacaoId): 91d57970595840e1bcb0cac70c2558d0
info: Microsoft.EntityFrameworkCore.Database.Command[20101]
      Executed DbCommand (36ms) [Parameters=[@__transacaoId_0='?' (Size = 255)], CommandType='Text', CommandTimeout='30']
      SELECT `t`.`TransacaoId`, `t`.`CreatedAt`, `t`.`Email`, `t`.`EtiquetaId`, `t`.`Nome`, `t`.`StatusPagamento`, `t`.`StatusSuperfrete`
      FROM `tb_enviolote_map` AS `t`
      WHERE `t`.`TransacaoId` = @__transacaoId_0
      LIMIT 1
warn: ABrechozeiraApp.Controllers.InfinitePayWebhookController[0]
      Transa‡Æo 91d57970595840e1bcb0cac70c2558d0 paga, mas nÆo h  mapeamento para EtiquetaId do Superfrete.
info: Microsoft.Hosting.Lifetime[0]
      Application is shutting down...
