warn: Microsoft.AspNetCore.DataProtection.Repositories.EphemeralXmlRepository[50]
      Using an in-memory repository. Keys will not be persisted to storage.
warn: Microsoft.AspNetCore.DataProtection.KeyManagement.XmlKeyManager[59]
      Neither user profile nor HKLM registry available. Using an ephemeral key repository. Protected data will be unavailable when application exits.
warn: Microsoft.AspNetCore.DataProtection.KeyManagement.XmlKeyManager[35]
      No XML encryptor configured. Key {6b08ac4b-c04d-4c33-96e8-ab8e885e9d09} may be persisted to storage in unencrypted form.
info: Microsoft.Hosting.Lifetime[14]
      Now listening on: http://127.0.0.1:34209
info: Microsoft.Hosting.Lifetime[0]
      Application started. Press Ctrl+C to shut down.
info: Microsoft.Hosting.Lifetime[0]
      Hosting environment: Production
info: Microsoft.Hosting.Lifetime[0]
      Content root path: d:\web\localuser\abrechozeira\www\api
info: Microsoft.EntityFrameworkCore.Database.Command[20101]
      Executed DbCommand (42ms) [Parameters=[@__ToLower_0='?' (Size = 50)], CommandType='Text', CommandTimeout='30']
      SELECT `p`.`Id`, `p`.`CPF`, `p`.`DataInclusao`, `p`.`DataNascimento`, `p`.`Email`, `p`.`NickName`, `p`.`Nome`, `p`.`Observacoes`, `p`.`PessoaCategoriaId`, `p`.`PessoaGeneroId`, `p`.`PessoaTipoId`, `p`.`RG`, `p`.`StatusId`, `p`.`Telefone`
      FROM `Pessoa` AS `p`
      WHERE `p`.`Nome` IS NOT NULL AND (LOWER(`p`.`Nome`) = @__ToLower_0)
      LIMIT 1
info: Microsoft.EntityFrameworkCore.Database.Command[20101]
      Executed DbCommand (5ms) [Parameters=[@__pessoa_Id_0='?' (DbType = Int32)], CommandType='Text', CommandTimeout='30']
      SELECT `e`.`Id`, `e`.`Bairro`, `e`.`CEP`, `e`.`CodigoLocalidadeIBGE`, `e`.`Complemento`, `e`.`DataAlteracao`, `e`.`Estado`, `e`.`Localidade`, `e`.`Logradouro`, `e`.`Observacoes`, `e`.`PessoaID`, `e`.`TipoEnderecoId`, `e`.`Unidade`
      FROM `Endereco` AS `e`
      WHERE `e`.`PessoaID` = @__pessoa_Id_0
      LIMIT 1
info: Microsoft.EntityFrameworkCore.Database.Command[20101]
      Executed DbCommand (1ms) [Parameters=[@__ToLower_0='?' (Size = 50)], CommandType='Text', CommandTimeout='30']
      SELECT `p`.`Id`, `p`.`CPF`, `p`.`DataInclusao`, `p`.`DataNascimento`, `p`.`Email`, `p`.`NickName`, `p`.`Nome`, `p`.`Observacoes`, `p`.`PessoaCategoriaId`, `p`.`PessoaGeneroId`, `p`.`PessoaTipoId`, `p`.`RG`, `p`.`StatusId`, `p`.`Telefone`
      FROM `Pessoa` AS `p`
      WHERE `p`.`Nome` IS NOT NULL AND (LOWER(`p`.`Nome`) = @__ToLower_0)
      LIMIT 1
info: Microsoft.EntityFrameworkCore.Database.Command[20101]
      Executed DbCommand (1ms) [Parameters=[@__primeiroNome_0_contains='?' (Size = 50), @__ultimoNome_1_contains='?' (Size = 50)], CommandType='Text', CommandTimeout='30']
      SELECT `p`.`Id`, `p`.`CPF`, `p`.`DataInclusao`, `p`.`DataNascimento`, `p`.`Email`, `p`.`NickName`, `p`.`Nome`, `p`.`Observacoes`, `p`.`PessoaCategoriaId`, `p`.`PessoaGeneroId`, `p`.`PessoaTipoId`, `p`.`RG`, `p`.`StatusId`, `p`.`Telefone`
      FROM `Pessoa` AS `p`
      WHERE (`p`.`Nome` IS NOT NULL AND (LOWER(`p`.`Nome`) LIKE @__primeiroNome_0_contains)) AND (LOWER(`p`.`Nome`) LIKE @__ultimoNome_1_contains)
      LIMIT 1
info: Microsoft.EntityFrameworkCore.Database.Command[20101]
      Executed DbCommand (1ms) [Parameters=[@__ToLower_0='?' (Size = 50)], CommandType='Text', CommandTimeout='30']
      SELECT `p`.`Id`, `p`.`CPF`, `p`.`DataInclusao`, `p`.`DataNascimento`, `p`.`Email`, `p`.`NickName`, `p`.`Nome`, `p`.`Observacoes`, `p`.`PessoaCategoriaId`, `p`.`PessoaGeneroId`, `p`.`PessoaTipoId`, `p`.`RG`, `p`.`StatusId`, `p`.`Telefone`
      FROM `Pessoa` AS `p`
      WHERE `p`.`Nome` IS NOT NULL AND (LOWER(`p`.`Nome`) = @__ToLower_0)
      LIMIT 1
info: Microsoft.EntityFrameworkCore.Database.Command[20101]
      Executed DbCommand (0ms) [Parameters=[@__pessoa_Id_0='?' (DbType = Int32)], CommandType='Text', CommandTimeout='30']
      SELECT `e`.`Id`, `e`.`Bairro`, `e`.`CEP`, `e`.`CodigoLocalidadeIBGE`, `e`.`Complemento`, `e`.`DataAlteracao`, `e`.`Estado`, `e`.`Localidade`, `e`.`Logradouro`, `e`.`Observacoes`, `e`.`PessoaID`, `e`.`TipoEnderecoId`, `e`.`Unidade`
      FROM `Endereco` AS `e`
      WHERE `e`.`PessoaID` = @__pessoa_Id_0
      LIMIT 1
info: System.Net.Http.HttpClient.Superfrete.LogicalHandler[100]
      Start processing HTTP request POST https://api.superfrete.com/api/v0/calculator
info: System.Net.Http.HttpClient.Superfrete.ClientHandler[100]
      Sending HTTP request POST https://api.superfrete.com/api/v0/calculator
info: System.Net.Http.HttpClient.Superfrete.ClientHandler[101]
      Received HTTP response headers after 1642.0105ms - 200
info: System.Net.Http.HttpClient.Superfrete.LogicalHandler[101]
      End processing HTTP request after 1653.9933ms - 200
info: ABrechozeiraApp.Controllers.EnvioLoteController[0]
      ?? Disparando Task em segundo plano para o e-mail: eduardo.cwbnet@gmail.com
info: ABrechozeiraApp.Controllers.EnvioLoteController[0]
      ? [Task] Escopo criado. Iniciando gera‡Ćo do link PIX na InfinitePay...
fail: ABrechozeiraApp.Services.InfinitePayService[0]
      Erro InfinitePay GerarLink: UnprocessableEntity - {"success":false,"message":"Invalid checkout link params","errors":{"items":{"0":{"price":["must be greater than 0"]}}}}
fail: ABrechozeiraApp.Services.InfinitePayService[0]
      Falha ao gerar link de pagamento na InfinitePay.
      System.Exception: Erro InfinitePay: {"success":false,"message":"Invalid checkout link params","errors":{"items":{"0":{"price":["must be greater than 0"]}}}}
         at ABrechozeiraApp.Services.InfinitePayService.GerarLinkCheckoutAsync(Decimal valor, String descricao, String orderNsu, String customerName, String customerEmail)
? [Task] ERRO FATAL: Erro InfinitePay: {"success":false,"message":"Invalid checkout link params","errors":{"items":{"0":{"price":["must be greater than 0"]}}}} -    at ABrechozeiraApp.Services.InfinitePayService.GerarLinkCheckoutAsync(Decimal valor, String descricao, String orderNsu, String customerName, String customerEmail)
   at ABrechozeiraApp.Controllers.EnvioLoteController.<>c__DisplayClass10_0.<<CotarLote>b__2>d.MoveNext()
info: System.Net.Http.HttpClient.Superfrete.LogicalHandler[100]
      Start processing HTTP request GET https://api.superfrete.com/api/v0/me/orders?limit=100&per_page=100
info: System.Net.Http.HttpClient.Superfrete.ClientHandler[100]
      Sending HTTP request GET https://api.superfrete.com/api/v0/me/orders?limit=100&per_page=100
info: System.Net.Http.HttpClient.Superfrete.ClientHandler[101]
      Received HTTP response headers after 1654.0894ms - 200
info: System.Net.Http.HttpClient.Superfrete.LogicalHandler[101]
      End processing HTTP request after 1654.6505ms - 200
info: Microsoft.EntityFrameworkCore.Database.Command[20101]
      Executed DbCommand (1ms) [Parameters=[@__ToLower_0='?' (Size = 50)], CommandType='Text', CommandTimeout='30']
      SELECT `p`.`Id`, `p`.`CPF`, `p`.`DataInclusao`, `p`.`DataNascimento`, `p`.`Email`, `p`.`NickName`, `p`.`Nome`, `p`.`Observacoes`, `p`.`PessoaCategoriaId`, `p`.`PessoaGeneroId`, `p`.`PessoaTipoId`, `p`.`RG`, `p`.`StatusId`, `p`.`Telefone`
      FROM `Pessoa` AS `p`
      WHERE `p`.`Nome` IS NOT NULL AND (LOWER(`p`.`Nome`) = @__ToLower_0)
      LIMIT 1
info: Microsoft.EntityFrameworkCore.Database.Command[20101]
      Executed DbCommand (1ms) [Parameters=[@__pessoa_Id_0='?' (DbType = Int32)], CommandType='Text', CommandTimeout='30']
      SELECT `e`.`Id`, `e`.`Bairro`, `e`.`CEP`, `e`.`CodigoLocalidadeIBGE`, `e`.`Complemento`, `e`.`DataAlteracao`, `e`.`Estado`, `e`.`Localidade`, `e`.`Logradouro`, `e`.`Observacoes`, `e`.`PessoaID`, `e`.`TipoEnderecoId`, `e`.`Unidade`
      FROM `Endereco` AS `e`
      WHERE `e`.`PessoaID` = @__pessoa_Id_0
      LIMIT 1
info: System.Net.Http.HttpClient.Superfrete.LogicalHandler[100]
      Start processing HTTP request POST https://api.superfrete.com/api/v0/calculator
info: System.Net.Http.HttpClient.Superfrete.ClientHandler[100]
      Sending HTTP request POST https://api.superfrete.com/api/v0/calculator
info: System.Net.Http.HttpClient.Superfrete.ClientHandler[101]
      Received HTTP response headers after 1134.2069ms - 200
info: System.Net.Http.HttpClient.Superfrete.LogicalHandler[101]
      End processing HTTP request after 1134.8777ms - 200
info: ABrechozeiraApp.Controllers.EnvioLoteController[0]
      ?? Disparando Task em segundo plano para o e-mail: eduardo.cwbnet@gmail.com
info: ABrechozeiraApp.Controllers.EnvioLoteController[0]
      ? [Task] Escopo criado. Iniciando gera‡Ćo do link PIX na InfinitePay...
info: ABrechozeiraApp.Controllers.EnvioLoteController[0]
      ? [Task] Link gerado com sucesso: https://checkout.infinitepay.io/abrechozeira?lenc=G9wAYGTiXCuCAVX59iBtiwr7On_gLPE_39MD9sLW2moLgzClIs8SPcqhbrhs-uQ8s_j2F5AivVLiohpQmzdYkmQEkWd0Rjd5QScpmzdNlqcEVjS0k-_HQ9Nzy3CT3vJy7Ygdu_VlOAYeEfsfedxp9vsot0oLHcuSvDg5Jl8GbPtDUpXnxtLdJAmW-yoPB-FJ1KGlHlYTLi-qnguMp1SBe7G9MGmlWgc.v1.5606679c1945a0b6. Iniciando disparo do E-mail...
info: ABrechozeiraApp.Services.EmailService[0]
      ?? E-mail enviado com sucesso para eduardo.cwbnet@gmail.com | Assunto: ??? A Brechozeira - Cota‡Ćo de Frete do seu Pedido
info: ABrechozeiraApp.Controllers.EnvioLoteController[0]
      ? [Task] E-mail de cota‡Ćo ENVIADO com sucesso para eduardo.cwbnet@gmail.com!
info: System.Net.Http.HttpClient.Superfrete.LogicalHandler[100]
      Start processing HTTP request POST https://api.superfrete.com/api/v0/cart
info: System.Net.Http.HttpClient.Superfrete.ClientHandler[100]
      Sending HTTP request POST https://api.superfrete.com/api/v0/cart
info: System.Net.Http.HttpClient.Superfrete.ClientHandler[101]
      Received HTTP response headers after 1285.0006ms - 200
info: System.Net.Http.HttpClient.Superfrete.LogicalHandler[101]
      End processing HTTP request after 1285.8609ms - 200
info: ABrechozeiraApp.Controllers.InfinitePayWebhookController[0]
      Recebido Webhook da InfinitePay: {"items":[{"price":1196,"quantity":1,"description":"Frete SEDEX","product_reference":null}],"amount":1196,"order_nsu":"f7c51148974b4bd78b12f7dd572859ca","paid_amount":1196,"receipt_url":"https://recibo.infinitepay.io/281f8300-420b-4464-aca7-0fa89f463c2c","installments":1,"invoice_slug":"mGFLz2y8pg","capture_method":"pix","transaction_nsu":"281f8300-420b-4464-aca7-0fa89f463c2c"}
info: ABrechozeiraApp.Controllers.InfinitePayWebhookController[0]
      Pagamento do frete confirmado! OrderNsu (TransacaoId): f7c51148974b4bd78b12f7dd572859ca
info: System.Net.Http.HttpClient.Superfrete.LogicalHandler[100]
      Start processing HTTP request POST https://api.superfrete.com/api/v0/checkout
info: System.Net.Http.HttpClient.Superfrete.ClientHandler[100]
      Sending HTTP request POST https://api.superfrete.com/api/v0/checkout
info: System.Net.Http.HttpClient.Superfrete.ClientHandler[101]
      Received HTTP response headers after 3489.5737ms - 200
info: System.Net.Http.HttpClient.Superfrete.LogicalHandler[101]
      End processing HTTP request after 3490.0415ms - 200
info: ABrechozeiraApp.Controllers.InfinitePayWebhookController[0]
      Checkout da etiqueta RWJKhwAg9QioXWFUIK7u realizado com sucesso!
info: System.Net.Http.HttpClient.Superfrete.LogicalHandler[100]
      Start processing HTTP request GET https://api.superfrete.com/api/v0/order/info/RWJKhwAg9QioXWFUIK7u
info: System.Net.Http.HttpClient.Superfrete.ClientHandler[100]
      Sending HTTP request GET https://api.superfrete.com/api/v0/order/info/RWJKhwAg9QioXWFUIK7u
info: System.Net.Http.HttpClient.Superfrete.ClientHandler[101]
      Received HTTP response headers after 387.0004ms - 200
info: System.Net.Http.HttpClient.Superfrete.LogicalHandler[101]
      End processing HTTP request after 387.4342ms - 200
info: System.Net.Http.HttpClient.Superfrete.LogicalHandler[100]
      Start processing HTTP request GET https://api.superfrete.com/api/v0/me/orders?limit=100&per_page=100
info: System.Net.Http.HttpClient.Superfrete.ClientHandler[100]
      Sending HTTP request GET https://api.superfrete.com/api/v0/me/orders?limit=100&per_page=100
info: System.Net.Http.HttpClient.Superfrete.ClientHandler[101]
      Received HTTP response headers after 2484.1122ms - 200
info: System.Net.Http.HttpClient.Superfrete.LogicalHandler[101]
      End processing HTTP request after 2484.6107ms - 200
info: Microsoft.EntityFrameworkCore.Database.Command[20101]
      Executed DbCommand (0ms) [Parameters=[@__p_0='?' (DbType = Int32)], CommandType='Text', CommandTimeout='30']
      SELECT `u`.`id`, `u`.`created_at`, `u`.`Email`, `u`.`is_active`, `u`.`Name`, `u`.`Password`, `u`.`PessoaId`, `u`.`updated_at`
      FROM `User` AS `u`
      WHERE `u`.`id` = @__p_0
      LIMIT 1
info: Microsoft.EntityFrameworkCore.Database.Command[20101]
      Executed DbCommand (0ms) [Parameters=[@__user_Id_0='?' (DbType = Int32)], CommandType='Text', CommandTimeout='30']
      SELECT `u`.`id`, `u`.`created_at`, `u`.`role_id`, `u`.`user_id`, `r`.`id`, `r`.`created_at`, `r`.`description`, `r`.`is_active`, `r`.`name`, `r`.`updated_at`, `t`.`id`, `t`.`created_at`, `t`.`permission_id`, `t`.`role_id`, `t`.`id0`, `t`.`action`, `t`.`created_at0`, `t`.`description`, `t`.`is_active`, `t`.`name`, `t`.`resource`, `t`.`updated_at`
      FROM `UserRole` AS `u`
      INNER JOIN `Role` AS `r` ON `u`.`role_id` = `r`.`id`
      LEFT JOIN (
          SELECT `r0`.`id`, `r0`.`created_at`, `r0`.`permission_id`, `r0`.`role_id`, `p`.`id` AS `id0`, `p`.`action`, `p`.`created_at` AS `created_at0`, `p`.`description`, `p`.`is_active`, `p`.`name`, `p`.`resource`, `p`.`updated_at`
          FROM `RolePermission` AS `r0`
          INNER JOIN `Permission` AS `p` ON `r0`.`permission_id` = `p`.`id`
      ) AS `t` ON `r`.`id` = `t`.`role_id`
      WHERE `u`.`user_id` = @__user_Id_0
      ORDER BY `u`.`id`, `r`.`id`, `t`.`id`
info: Microsoft.EntityFrameworkCore.Database.Command[20101]
      Executed DbCommand (3ms) [Parameters=[@p1='?' (DbType = Int32), @p0='?' (DbType = DateTime)], CommandType='Text', CommandTimeout='30']
      SET AUTOCOMMIT = 1;
      UPDATE `User` SET `updated_at` = @p0
      WHERE `id` = @p1;
      SELECT ROW_COUNT();
info: Microsoft.EntityFrameworkCore.Database.Command[20101]
      Executed DbCommand (0ms) [Parameters=[@__hoje_0='?' (DbType = DateTime)], CommandType='Text', CommandTimeout='30']
      SELECT COALESCE(SUM(`v`.`ValorLiquido`), 0.0)
      FROM `VendaPdv` AS `v`
      WHERE (`v`.`Status` = 'Finalizada') AND (CONVERT(`v`.`DataVenda`, date) = @__hoje_0)
info: Microsoft.EntityFrameworkCore.Database.Command[20101]
      Executed DbCommand (0ms) [Parameters=[@__inicioSemana_0='?' (DbType = DateTime)], CommandType='Text', CommandTimeout='30']
      SELECT COALESCE(SUM(`v`.`ValorLiquido`), 0.0)
      FROM `VendaPdv` AS `v`
      WHERE (`v`.`Status` = 'Finalizada') AND (CONVERT(`v`.`DataVenda`, date) >= @__inicioSemana_0)
info: Microsoft.EntityFrameworkCore.Database.Command[20101]
      Executed DbCommand (0ms) [Parameters=[@__inicioMes_0='?' (DbType = DateTime)], CommandType='Text', CommandTimeout='30']
      SELECT COALESCE(SUM(`v`.`ValorLiquido`), 0.0)
      FROM `VendaPdv` AS `v`
      WHERE (`v`.`Status` = 'Finalizada') AND (CONVERT(`v`.`DataVenda`, date) >= @__inicioMes_0)
info: Microsoft.EntityFrameworkCore.Database.Command[20101]
      Executed DbCommand (0ms) [Parameters=[@__seteDiasAtras_0='?' (DbType = DateTime)], CommandType='Text', CommandTimeout='30']
      SELECT `v`.`DataVenda`, `v`.`ValorLiquido`
      FROM `VendaPdv` AS `v`
      WHERE (`v`.`Status` = 'Finalizada') AND (CONVERT(`v`.`DataVenda`, date) >= @__seteDiasAtras_0)
info: Microsoft.EntityFrameworkCore.Database.Command[20101]
      Executed DbCommand (0ms) [Parameters=[@__trintaDiasAtras_0='?' (DbType = DateTime)], CommandType='Text', CommandTimeout='30']
      SELECT `v`.`Id`
      FROM `VendaPdv` AS `v`
      WHERE (`v`.`Status` = 'Finalizada') AND (`v`.`DataVenda` >= @__trintaDiasAtras_0)
info: Microsoft.EntityFrameworkCore.Database.Command[20101]
      Executed DbCommand (0ms) [Parameters=[@__p_1='?' (DbType = Int32)], CommandType='Text', CommandTimeout='30']
      SELECT `v`.`ProdutoId` AS `produtoId`, `v`.`DescricaoItem` AS `descricao`, COALESCE(SUM(`v`.`Quantidade`), 0.0) AS `quantidade`, COALESCE(SUM(`v`.`Total`), 0.0) AS `totalVendido`
      FROM `VendaPdvItem` AS `v`
      WHERE FALSE
      GROUP BY `v`.`ProdutoId`, `v`.`DescricaoItem`
      ORDER BY COALESCE(SUM(`v`.`Quantidade`), 0.0) DESC
      LIMIT @__p_1
warn: Microsoft.EntityFrameworkCore.Query[10102]
      The query uses a row limiting operator ('Skip'/'Take') without an 'OrderBy' operator. This may lead to unpredictable results. If the 'Distinct' operator is used after 'OrderBy', then make sure to use the 'OrderBy' operator after 'Distinct' as the ordering would otherwise get erased.
info: Microsoft.EntityFrameworkCore.Database.Command[20101]
      Executed DbCommand (0ms) [Parameters=[@__p_0='?' (DbType = Int32)], CommandType='Text', CommandTimeout='30']
      SELECT `e`.`Id` AS `id`, `e`.`ProdutoId` AS `produtoId`, `p`.`Descricao` AS `descricao`, `e`.`Quantidade` AS `quantidade`, `e`.`CodigoEstoque` AS `codigoEstoque`
      FROM `Estoque` AS `e`
      INNER JOIN `Produto` AS `p` ON `e`.`ProdutoId` = `p`.`Id`
      WHERE (`e`.`Quantidade` <= 3) AND (`e`.`Quantidade` > 0)
      LIMIT @__p_0
info: Microsoft.EntityFrameworkCore.Database.Command[20101]
      Executed DbCommand (0ms) [Parameters=[], CommandType='Text', CommandTimeout='30']
      SELECT `l`.`Titulo` AS `titulo`, `l`.`DataLive` AS `data`
      FROM `Live` AS `l`
      WHERE `l`.`DataLive` >= UTC_TIMESTAMP()
      ORDER BY `l`.`DataLive`
      LIMIT 1
info: Microsoft.EntityFrameworkCore.Database.Command[20101]
      Executed DbCommand (0ms) [Parameters=[], CommandType='Text', CommandTimeout='30']
      SELECT COUNT(*)
      FROM `Produto` AS `p`
info: Microsoft.EntityFrameworkCore.Database.Command[20101]
      Executed DbCommand (0ms) [Parameters=[], CommandType='Text', CommandTimeout='30']
      SELECT COUNT(*)
      FROM `Pessoa` AS `p`
      WHERE `p`.`PessoaCategoriaId` = 1
info: Microsoft.EntityFrameworkCore.Database.Command[20101]
      Executed DbCommand (0ms) [Parameters=[@__hoje_0='?' (DbType = DateTime)], CommandType='Text', CommandTimeout='30']
      SELECT COUNT(*)
      FROM `VendaPdv` AS `v`
      WHERE (`v`.`Status` = 'Finalizada') AND (CONVERT(`v`.`DataVenda`, date) = @__hoje_0)
info: Microsoft.EntityFrameworkCore.Database.Command[20101]
      Executed DbCommand (0ms) [Parameters=[@__hoje_0='?' (DbType = DateTime)], CommandType='Text', CommandTimeout='30']
      SELECT COALESCE(SUM(`v`.`ValorLiquido`), 0.0)
      FROM `VendaPdv` AS `v`
      WHERE (`v`.`Status` = 'Finalizada') AND (CONVERT(`v`.`DataVenda`, date) = @__hoje_0)
info: Microsoft.EntityFrameworkCore.Database.Command[20101]
      Executed DbCommand (0ms) [Parameters=[@__inicioSemana_0='?' (DbType = DateTime)], CommandType='Text', CommandTimeout='30']
      SELECT COALESCE(SUM(`v`.`ValorLiquido`), 0.0)
      FROM `VendaPdv` AS `v`
      WHERE (`v`.`Status` = 'Finalizada') AND (CONVERT(`v`.`DataVenda`, date) >= @__inicioSemana_0)
info: Microsoft.EntityFrameworkCore.Database.Command[20101]
      Executed DbCommand (0ms) [Parameters=[@__inicioMes_0='?' (DbType = DateTime)], CommandType='Text', CommandTimeout='30']
      SELECT COALESCE(SUM(`v`.`ValorLiquido`), 0.0)
      FROM `VendaPdv` AS `v`
      WHERE (`v`.`Status` = 'Finalizada') AND (CONVERT(`v`.`DataVenda`, date) >= @__inicioMes_0)
info: Microsoft.EntityFrameworkCore.Database.Command[20101]
      Executed DbCommand (0ms) [Parameters=[@__seteDiasAtras_0='?' (DbType = DateTime)], CommandType='Text', CommandTimeout='30']
      SELECT `v`.`DataVenda`, `v`.`ValorLiquido`
      FROM `VendaPdv` AS `v`
      WHERE (`v`.`Status` = 'Finalizada') AND (CONVERT(`v`.`DataVenda`, date) >= @__seteDiasAtras_0)
info: Microsoft.EntityFrameworkCore.Database.Command[20101]
      Executed DbCommand (0ms) [Parameters=[@__trintaDiasAtras_0='?' (DbType = DateTime)], CommandType='Text', CommandTimeout='30']
      SELECT `v`.`Id`
      FROM `VendaPdv` AS `v`
      WHERE (`v`.`Status` = 'Finalizada') AND (`v`.`DataVenda` >= @__trintaDiasAtras_0)
info: Microsoft.EntityFrameworkCore.Database.Command[20101]
      Executed DbCommand (0ms) [Parameters=[@__p_1='?' (DbType = Int32)], CommandType='Text', CommandTimeout='30']
      SELECT `v`.`ProdutoId` AS `produtoId`, `v`.`DescricaoItem` AS `descricao`, COALESCE(SUM(`v`.`Quantidade`), 0.0) AS `quantidade`, COALESCE(SUM(`v`.`Total`), 0.0) AS `totalVendido`
      FROM `VendaPdvItem` AS `v`
      WHERE FALSE
      GROUP BY `v`.`ProdutoId`, `v`.`DescricaoItem`
      ORDER BY COALESCE(SUM(`v`.`Quantidade`), 0.0) DESC
      LIMIT @__p_1
info: Microsoft.EntityFrameworkCore.Database.Command[20101]
      Executed DbCommand (0ms) [Parameters=[@__p_0='?' (DbType = Int32)], CommandType='Text', CommandTimeout='30']
      SELECT `e`.`Id` AS `id`, `e`.`ProdutoId` AS `produtoId`, `p`.`Descricao` AS `descricao`, `e`.`Quantidade` AS `quantidade`, `e`.`CodigoEstoque` AS `codigoEstoque`
      FROM `Estoque` AS `e`
      INNER JOIN `Produto` AS `p` ON `e`.`ProdutoId` = `p`.`Id`
      WHERE (`e`.`Quantidade` <= 3) AND (`e`.`Quantidade` > 0)
      LIMIT @__p_0
info: Microsoft.EntityFrameworkCore.Database.Command[20101]
      Executed DbCommand (1ms) [Parameters=[], CommandType='Text', CommandTimeout='30']
      SELECT `l`.`Titulo` AS `titulo`, `l`.`DataLive` AS `data`
      FROM `Live` AS `l`
      WHERE `l`.`DataLive` >= UTC_TIMESTAMP()
      ORDER BY `l`.`DataLive`
      LIMIT 1
info: Microsoft.EntityFrameworkCore.Database.Command[20101]
      Executed DbCommand (0ms) [Parameters=[], CommandType='Text', CommandTimeout='30']
      SELECT COUNT(*)
      FROM `Produto` AS `p`
info: Microsoft.EntityFrameworkCore.Database.Command[20101]
      Executed DbCommand (0ms) [Parameters=[], CommandType='Text', CommandTimeout='30']
      SELECT COUNT(*)
      FROM `Pessoa` AS `p`
      WHERE `p`.`PessoaCategoriaId` = 1
info: Microsoft.EntityFrameworkCore.Database.Command[20101]
      Executed DbCommand (0ms) [Parameters=[@__hoje_0='?' (DbType = DateTime)], CommandType='Text', CommandTimeout='30']
      SELECT COUNT(*)
      FROM `VendaPdv` AS `v`
      WHERE (`v`.`Status` = 'Finalizada') AND (CONVERT(`v`.`DataVenda`, date) = @__hoje_0)
info: System.Net.Http.HttpClient.Superfrete.LogicalHandler[100]
      Start processing HTTP request GET https://api.superfrete.com/api/v0/me/orders?limit=100&per_page=100
info: System.Net.Http.HttpClient.Superfrete.ClientHandler[100]
      Sending HTTP request GET https://api.superfrete.com/api/v0/me/orders?limit=100&per_page=100
info: System.Net.Http.HttpClient.Superfrete.ClientHandler[101]
      Received HTTP response headers after 857.2839ms - 200
info: System.Net.Http.HttpClient.Superfrete.LogicalHandler[101]
      End processing HTTP request after 857.6783ms - 200
info: Microsoft.EntityFrameworkCore.Database.Command[20101]
      Executed DbCommand (3ms) [Parameters=[], CommandType='Text', CommandTimeout='30']
      SELECT `p`.`Id`, `p`.`Nome`, `p`.`CPF`, `p`.`DataNascimento`, `p`.`Email`, `p`.`Telefone`, `p`.`NickName`, `p0`.`Id` AS `GeneroId`, `p0`.`Descricao` AS `GeneroDescricao`, `p1`.`Id` AS `CategoriaId`, `p1`.`Descricao` AS `CategoriaDescricao`, `p2`.`Id` AS `StatusId`, `p2`.`Descricao` AS `StatusDescricao`
      FROM `Pessoa` AS `p`
      INNER JOIN `PessoaGenero` AS `p0` ON `p`.`PessoaGeneroId` = `p0`.`Id`
      INNER JOIN `PessoaCategoria` AS `p1` ON `p`.`PessoaCategoriaId` = `p1`.`Id`
      INNER JOIN `PessoaStatus` AS `p2` ON `p`.`StatusId` = `p2`.`Id`
info: Microsoft.EntityFrameworkCore.Database.Command[20101]
      Executed DbCommand (1ms) [Parameters=[], CommandType='Text', CommandTimeout='30']
      SELECT `p`.`Id`, `p`.`Descricao`
      FROM `PessoaTipo` AS `p`
info: Microsoft.EntityFrameworkCore.Database.Command[20101]
      Executed DbCommand (27ms) [Parameters=[], CommandType='Text', CommandTimeout='30']
      SELECT `p`.`Id`, `p`.`Descricao`
      FROM `PessoaCategoria` AS `p`
info: Microsoft.EntityFrameworkCore.Database.Command[20101]
      Executed DbCommand (8ms) [Parameters=[], CommandType='Text', CommandTimeout='30']
      SELECT `p`.`Id`, `p`.`Descricao`
      FROM `PessoaStatus` AS `p`
info: Microsoft.EntityFrameworkCore.Database.Command[20101]
      Executed DbCommand (0ms) [Parameters=[], CommandType='Text', CommandTimeout='30']
      SELECT `p`.`Id`, `p`.`Descricao`, `p`.`Sigla`
      FROM `PessoaGenero` AS `p`
info: Microsoft.EntityFrameworkCore.Database.Command[20101]
      Executed DbCommand (10ms) [Parameters=[@__p_0='?' (DbType = Int32)], CommandType='Text', CommandTimeout='30']
      SELECT `p`.`Id`, `p`.`CPF`, `p`.`DataInclusao`, `p`.`DataNascimento`, `p`.`Email`, `p`.`NickName`, `p`.`Nome`, `p`.`Observacoes`, `p`.`PessoaCategoriaId`, `p`.`PessoaGeneroId`, `p`.`PessoaTipoId`, `p`.`RG`, `p`.`StatusId`, `p`.`Telefone`
      FROM `Pessoa` AS `p`
      WHERE `p`.`Id` = @__p_0
      LIMIT 1
info: ABrechozeiraApp.Controllers.InfinitePayWebhookController[0]
      Recebido Webhook da InfinitePay: {"items":[{"price":1196,"quantity":1,"description":"Frete SEDEX","product_reference":null}],"amount":1196,"order_nsu":"cf6fd07d59d541a5a12edb2268bae2ad","paid_amount":1196,"receipt_url":"https://recibo.infinitepay.io/ccc44f03-4b85-4566-b19f-3f22e8c19f96","installments":1,"invoice_slug":"6cnafZGnIi","capture_method":"pix","transaction_nsu":"ccc44f03-4b85-4566-b19f-3f22e8c19f96"}
info: ABrechozeiraApp.Controllers.InfinitePayWebhookController[0]
      Pagamento do frete confirmado! OrderNsu (TransacaoId): cf6fd07d59d541a5a12edb2268bae2ad
warn: ABrechozeiraApp.Controllers.InfinitePayWebhookController[0]
      Transa‡Ćo cf6fd07d59d541a5a12edb2268bae2ad paga, mas nĆo h  mapeamento para EtiquetaId do Superfrete.
info: Microsoft.Hosting.Lifetime[0]
      Application is shutting down...
