warn: Microsoft.AspNetCore.DataProtection.Repositories.EphemeralXmlRepository[50]
      Using an in-memory repository. Keys will not be persisted to storage.
warn: Microsoft.AspNetCore.DataProtection.KeyManagement.XmlKeyManager[59]
      Neither user profile nor HKLM registry available. Using an ephemeral key repository. Protected data will be unavailable when application exits.
warn: Microsoft.AspNetCore.DataProtection.KeyManagement.XmlKeyManager[35]
      No XML encryptor configured. Key {3f58d315-01b7-4b2c-8d38-3b6c7152c076} may be persisted to storage in unencrypted form.
info: Microsoft.Hosting.Lifetime[14]
      Now listening on: http://127.0.0.1:20631
info: Microsoft.Hosting.Lifetime[0]
      Application started. Press Ctrl+C to shut down.
info: Microsoft.Hosting.Lifetime[0]
      Hosting environment: Production
info: Microsoft.Hosting.Lifetime[0]
      Content root path: d:\web\localuser\abrechozeira\www\api
info: Microsoft.EntityFrameworkCore.Database.Command[20101]
      Executed DbCommand (42ms) [Parameters=[@__request_Email_0='?' (Size = 255)], CommandType='Text', CommandTimeout='30']
      SELECT `u`.`id`, `u`.`created_at`, `u`.`Email`, `u`.`is_active`, `u`.`Name`, `u`.`Password`, `u`.`PessoaId`, `u`.`updated_at`
      FROM `User` AS `u`
      WHERE (`u`.`Email` = @__request_Email_0) AND `u`.`is_active`
      LIMIT 1
info: Microsoft.EntityFrameworkCore.Database.Command[20101]
      Executed DbCommand (9ms) [Parameters=[@__cpfFormatado_0='?' (Size = 50)], CommandType='Text', CommandTimeout='30']
      SELECT EXISTS (
          SELECT 1
          FROM `Pessoa` AS `p`
          WHERE `p`.`CPF` = @__cpfFormatado_0)
info: Microsoft.EntityFrameworkCore.Database.Command[20101]
      Executed DbCommand (2ms) [Parameters=[@__cpfFormatado_0='?' (Size = 50)], CommandType='Text', CommandTimeout='30']
      SELECT EXISTS (
          SELECT 1
          FROM `Pessoa` AS `p`
          WHERE `p`.`CPF` = @__cpfFormatado_0)
info: Microsoft.EntityFrameworkCore.Database.Command[20101]
      Executed DbCommand (0ms) [Parameters=[@__request_Email_0='?' (Size = 255)], CommandType='Text', CommandTimeout='30']
      SELECT `u`.`id`, `u`.`created_at`, `u`.`Email`, `u`.`is_active`, `u`.`Name`, `u`.`Password`, `u`.`PessoaId`, `u`.`updated_at`
      FROM `User` AS `u`
      WHERE (`u`.`Email` = @__request_Email_0) AND `u`.`is_active`
      LIMIT 1
info: Microsoft.EntityFrameworkCore.Database.Command[20101]
      Executed DbCommand (1ms) [Parameters=[@__request_Email_0='?' (Size = 255)], CommandType='Text', CommandTimeout='30']
      SELECT `u`.`id`, `u`.`created_at`, `u`.`Email`, `u`.`is_active`, `u`.`Name`, `u`.`Password`, `u`.`PessoaId`, `u`.`updated_at`
      FROM `User` AS `u`
      WHERE (`u`.`Email` = @__request_Email_0) AND `u`.`is_active`
      LIMIT 1
info: Microsoft.EntityFrameworkCore.Database.Command[20101]
      Executed DbCommand (1ms) [Parameters=[@__request_Email_0='?' (Size = 255)], CommandType='Text', CommandTimeout='30']
      SELECT `u`.`id`, `u`.`created_at`, `u`.`Email`, `u`.`is_active`, `u`.`Name`, `u`.`Password`, `u`.`PessoaId`, `u`.`updated_at`
      FROM `User` AS `u`
      WHERE (`u`.`Email` = @__request_Email_0) AND `u`.`is_active`
      LIMIT 1
info: Microsoft.EntityFrameworkCore.Database.Command[20101]
      Executed DbCommand (1ms) [Parameters=[@__request_Email_0='?' (Size = 255)], CommandType='Text', CommandTimeout='30']
      SELECT `u`.`id`, `u`.`created_at`, `u`.`Email`, `u`.`is_active`, `u`.`Name`, `u`.`Password`, `u`.`PessoaId`, `u`.`updated_at`
      FROM `User` AS `u`
      WHERE (`u`.`Email` = @__request_Email_0) AND `u`.`is_active`
      LIMIT 1
info: Microsoft.EntityFrameworkCore.Database.Command[20101]
      Executed DbCommand (1ms) [Parameters=[@__request_Email_0='?' (Size = 255)], CommandType='Text', CommandTimeout='30']
      SELECT `u`.`id`, `u`.`created_at`, `u`.`Email`, `u`.`is_active`, `u`.`Name`, `u`.`Password`, `u`.`PessoaId`, `u`.`updated_at`
      FROM `User` AS `u`
      WHERE (`u`.`Email` = @__request_Email_0) AND `u`.`is_active`
      LIMIT 1
info: Microsoft.EntityFrameworkCore.Database.Command[20101]
      Executed DbCommand (1ms) [Parameters=[@__request_Email_0='?' (Size = 255)], CommandType='Text', CommandTimeout='30']
      SELECT `u`.`id`, `u`.`created_at`, `u`.`Email`, `u`.`is_active`, `u`.`Name`, `u`.`Password`, `u`.`PessoaId`, `u`.`updated_at`
      FROM `User` AS `u`
      WHERE (`u`.`Email` = @__request_Email_0) AND `u`.`is_active`
      LIMIT 1
info: Microsoft.EntityFrameworkCore.Database.Command[20101]
      Executed DbCommand (5ms) [Parameters=[@__request_Email_0='?' (Size = 255)], CommandType='Text', CommandTimeout='30']
      SELECT `u`.`id`, `u`.`created_at`, `u`.`Email`, `u`.`is_active`, `u`.`Name`, `u`.`Password`, `u`.`PessoaId`, `u`.`updated_at`
      FROM `User` AS `u`
      WHERE (`u`.`Email` = @__request_Email_0) AND `u`.`is_active`
      LIMIT 1
info: Microsoft.EntityFrameworkCore.Database.Command[20101]
      Executed DbCommand (2ms) [Parameters=[@__request_Email_0='?' (Size = 255)], CommandType='Text', CommandTimeout='30']
      SELECT `u`.`id`, `u`.`created_at`, `u`.`Email`, `u`.`is_active`, `u`.`Name`, `u`.`Password`, `u`.`PessoaId`, `u`.`updated_at`
      FROM `User` AS `u`
      WHERE (`u`.`Email` = @__request_Email_0) AND `u`.`is_active`
      LIMIT 1
info: Microsoft.EntityFrameworkCore.Database.Command[20101]
      Executed DbCommand (1ms) [Parameters=[@__request_Email_0='?' (Size = 255)], CommandType='Text', CommandTimeout='30']
      SELECT `u`.`id`, `u`.`created_at`, `u`.`Email`, `u`.`is_active`, `u`.`Name`, `u`.`Password`, `u`.`PessoaId`, `u`.`updated_at`
      FROM `User` AS `u`
      WHERE (`u`.`Email` = @__request_Email_0) AND `u`.`is_active`
      LIMIT 1
info: Microsoft.EntityFrameworkCore.Database.Command[20101]
      Executed DbCommand (1ms) [Parameters=[@__request_Email_0='?' (Size = 255)], CommandType='Text', CommandTimeout='30']
      SELECT `u`.`id`, `u`.`created_at`, `u`.`Email`, `u`.`is_active`, `u`.`Name`, `u`.`Password`, `u`.`PessoaId`, `u`.`updated_at`
      FROM `User` AS `u`
      WHERE (`u`.`Email` = @__request_Email_0) AND `u`.`is_active`
      LIMIT 1
info: Microsoft.Hosting.Lifetime[0]
      Application is shutting down...
